<?xml version="1.0" encoding="UTF-8"?>
<testsuite name="hello.core.CoreApplicationTests" tests="1" skipped="0" failures="0" errors="0" timestamp="2023-09-19T09:19:06" hostname="DESKTOP-VSABUUE" time="1.178">
  <properties/>
  <testcase name="contextLoads()" classname="hello.core.CoreApplicationTests" time="1.178"/>
  <system-out><![CDATA[18:19:05.482 [Test worker] INFO org.springframework.test.context.support.AnnotationConfigContextLoaderUtils -- Could not detect default configuration classes for test class [hello.core.CoreApplicationTests]: CoreApplicationTests does not declare any static, non-private, non-final, nested classes annotated with @Configuration.
18:19:05.647 [Test worker] INFO org.springframework.boot.test.context.SpringBootTestContextBootstrapper -- Found @SpringBootConfiguration hello.core.CoreApplication for test class hello.core.CoreApplicationTests

  .   ____          _            __ _ _
 /\\ / ___'_ __ _ _(_)_ __  __ _ \ \ \ \
( ( )\___ | '_ | '_| | '_ \/ _` | \ \ \ \
 \\/  ___)| |_)| | | | | || (_| |  ) ) ) )
  '  |____| .__|_| |_|_| |_\__, | / / / /
 =========|_|==============|___/=/_/_/_/
 :: Spring Boot ::                (v3.1.3)

2023-09-19T18:19:06.273+09:00  INFO 32932 --- [    Test worker] hello.core.CoreApplicationTests          : Starting CoreApplicationTests using Java 17.0.4.1 with PID 32932 (started by HOME in C:\Users\user\Desktop\springboottest\core)
2023-09-19T18:19:06.274+09:00  INFO 32932 --- [    Test worker] hello.core.CoreApplicationTests          : No active profile set, falling back to 1 default profile: "default"
2023-09-19T18:19:06.888+09:00  INFO 32932 --- [    Test worker] hello.core.CoreApplicationTests          : Started CoreApplicationTests in 0.962 seconds (process running for 2.757)
]]></system-out>
  <system-err><![CDATA[]]></system-err>
</testsuite>
