<?xml version="1.0" encoding="UTF-8"?>
<testsuite name="hello.core.beanfind.ApplicationContextInfoTest" tests="2" skipped="0" failures="0" errors="0" timestamp="2023-09-19T11:39:59" hostname="DESKTOP-VSABUUE" time="0.035">
  <properties/>
  <testcase name="애플리케이션 빈 출력하기" classname="hello.core.beanfind.ApplicationContextInfoTest" time="0.02"/>
  <testcase name="모든 빈 출력하기" classname="hello.core.beanfind.ApplicationContextInfoTest" time="0.002"/>
  <system-out><![CDATA[name=appConfig object=hello.core.AppConfig$$SpringCGLIB$$0@2f08c4b
name=memberService object=hello.core.member.MemberServiceImpl@66971f6b
name=memberRepository object=hello.core.member.MemoryMemberRepository@50687efb
name=orderService object=hello.core.order.OrderServiceImpl@517bd097
name=discountPolicy object=hello.core.discount.RateDiscountPolicy@142eef62
name=org.springframework.context.annotation.internalConfigurationAnnotationProcessor object=org.springframework.context.annotation.ConfigurationClassPostProcessor@1b11ef33
name=org.springframework.context.annotation.internalAutowiredAnnotationProcessor object=org.springframework.beans.factory.annotation.AutowiredAnnotationBeanPostProcessor@476aac9
name=org.springframework.context.annotation.internalCommonAnnotationProcessor object=org.springframework.context.annotation.CommonAnnotationBeanPostProcessor@6cea706c
name=org.springframework.context.event.internalEventListenerProcessor object=org.springframework.context.event.EventListenerMethodProcessor@3bd7f8dc
name=org.springframework.context.event.internalEventListenerFactory object=org.springframework.context.event.DefaultEventListenerFactory@2f2bf0e2
name=appConfig object=hello.core.AppConfig$$SpringCGLIB$$0@1eba372c
name=memberService object=hello.core.member.MemberServiceImpl@21ec5d87
name=memberRepository object=hello.core.member.MemoryMemberRepository@25f9407e
name=orderService object=hello.core.order.OrderServiceImpl@552518c3
name=discountPolicy object=hello.core.discount.RateDiscountPolicy@1a69561c
]]></system-out>
  <system-err><![CDATA[]]></system-err>
</testsuite>
